2024-06-12 15:56:19,253 - INFO - Page one successful.
2024-06-12 15:56:20,636 - INFO - Page two successful.
2024-06-12 15:56:20,638 - INFO - ====== WebDriver manager ======
2024-06-12 15:56:20,743 - INFO - Get LATEST chromedriver version for google-chrome
2024-06-12 15:56:21,740 - INFO - Get LATEST chromedriver version for google-chrome
2024-06-12 15:56:22,673 - INFO - Driver [/home/johnmkagunda/.wdm/drivers/chromedriver/linux64/126.0.6478.55/chromedriver-linux64/chromedriver] found in cache
2024-06-12 15:56:36,952 - INFO - Download completed.
2024-06-12 15:56:37,002 - INFO - Download Link: https://www.pdfdrive.com/download.pdf?id=136494023&h=1aa480a89378f61c111d68cdd8632b97&u=cache&ext=pdf
2024-06-12 16:07:05,207 - INFO - Page one successful.
2024-06-12 16:07:06,512 - INFO - Page two successful.
2024-06-12 16:07:06,514 - INFO - ====== WebDriver manager ======
2024-06-12 16:07:06,615 - INFO - Get LATEST chromedriver version for google-chrome
2024-06-12 16:07:07,709 - INFO - Get LATEST chromedriver version for google-chrome
2024-06-12 16:07:08,545 - INFO - Driver [/home/johnmkagunda/.wdm/drivers/chromedriver/linux64/126.0.6478.55/chromedriver-linux64/chromedriver] found in cache
2024-06-12 16:07:21,499 - INFO - Download completed.
2024-06-12 16:07:21,542 - INFO - Download Link: https://www.pdfdrive.com/download.pdf?id=156720180&h=28ae336fe5f3d3b5707105226f11582b&u=cache&ext=epub
2024-06-12 16:12:20,156 - INFO - Page one successful.
2024-06-12 16:12:21,511 - INFO - Page two successful.
2024-06-12 16:12:21,512 - INFO - ====== WebDriver manager ======
2024-06-12 16:12:21,604 - INFO - Get LATEST chromedriver version for google-chrome
2024-06-12 16:12:22,508 - INFO - Get LATEST chromedriver version for google-chrome
2024-06-12 16:12:23,433 - INFO - Driver [/home/johnmkagunda/.wdm/drivers/chromedriver/linux64/126.0.6478.55/chromedriver-linux64/chromedriver] found in cache
2024-06-12 16:12:37,675 - INFO - Download completed.
2024-06-12 16:12:37,715 - INFO - Download Link: https://www.pdfdrive.com/download.pdf?id=184140083&h=4901c635a5686ad05860f54a609fadb7&u=cache&ext=pdf
2024-06-12 19:47:58,466 - INFO - Page one successful.
2024-06-12 19:47:59,208 - INFO - Page two successful.
2024-06-12 19:47:59,209 - INFO - ====== WebDriver manager ======
2024-06-12 19:47:59,311 - INFO - Get LATEST chromedriver version for google-chrome
2024-06-12 19:48:00,173 - INFO - Get LATEST chromedriver version for google-chrome
2024-06-12 19:48:00,535 - INFO - Driver [/home/johnmkagunda/.wdm/drivers/chromedriver/linux64/126.0.6478.55/chromedriver-linux64/chromedriver] found in cache
2024-06-12 19:48:13,141 - INFO - Download completed.
2024-06-12 19:48:13,185 - INFO - Download Link: https://www.pdfdrive.com/download.pdf?id=28135180&h=f08dfdcc1f13bbacaa4fc94ec90f9cd1&u=cache&ext=pdf
